
Exception Time：2021-01-28 09:53:15,523 [17] 
Exception Level：ERROR 
Exception Detail: 
 
 System.InvalidOperationException: The model backing the 'BMDbContext' context has changed since the database was created. Consider using Code First Migrations to update the database (http://go.microsoft.com/fwlink/?LinkId=238269).
   在 System.Data.Entity.CreateDatabaseIfNotExists`1.InitializeDatabase(TContext context)
   在 System.Data.Entity.Internal.InternalContext.PerformInitializationAction(Action action)
   在 System.Data.Entity.Internal.InternalContext.PerformDatabaseInitialization()
   在 System.Data.Entity.Internal.RetryAction`1.PerformAction(TInput input)
   在 System.Data.Entity.Internal.LazyInternalContext.InitializeDatabaseAction(Action`1 action)
   在 System.Data.Entity.Internal.InternalContext.GetEntitySetAndBaseTypeForType(Type entityType)
   在 System.Data.Entity.Internal.Linq.InternalSet`1.Initialize()
   在 System.Data.Entity.Internal.Linq.InternalSet`1.get_InternalContext()
   在 System.Data.Entity.Infrastructure.DbQuery`1.System.Linq.IQueryable.get_Provider()
   在 System.Linq.Queryable.Where[TSource](IQueryable`1 source, Expression`1 predicate)
   在 BM.DAL.BookInfoAgent.<QueryByParameter>d__5.MoveNext() 位置 E:\Project\BMSite-AngularJs\BM\BM.DAL\BookInfoAgent.cs:行号 60
--- 引发异常的上一位置中堆栈跟踪的末尾 ---
   在 System.Runtime.ExceptionServices.ExceptionDispatchInfo.Throw()
   在 System.Runtime.CompilerServices.TaskAwaiter.HandleNonSuccessAndDebuggerNotification(Task task)
   在 BM.DAL.BookInfoAgent.<Query>d__3.MoveNext() 位置 E:\Project\BMSite-AngularJs\BM\BM.DAL\BookInfoAgent.cs:行号 46
--- 引发异常的上一位置中堆栈跟踪的末尾 ---
   在 System.Runtime.ExceptionServices.ExceptionDispatchInfo.Throw()
   在 System.Runtime.CompilerServices.TaskAwaiter.HandleNonSuccessAndDebuggerNotification(Task task)
   在 BM.BLL.BookInfoBLL.<Query>d__5.MoveNext() 位置 E:\Project\BMSite-AngularJs\BM\BM.BLL\BookInfoBLL.cs:行号 82

Exception Time：2021-01-28 09:53:15,524 [14] 
Exception Level：ERROR 
Exception Detail: 
 
 System.InvalidOperationException: The model backing the 'BMDbContext' context has changed since the database was created. Consider using Code First Migrations to update the database (http://go.microsoft.com/fwlink/?LinkId=238269).
   在 System.Data.Entity.CreateDatabaseIfNotExists`1.InitializeDatabase(TContext context)
   在 System.Data.Entity.Internal.InternalContext.PerformInitializationAction(Action action)
   在 System.Data.Entity.Internal.InternalContext.PerformDatabaseInitialization()
   在 System.Data.Entity.Internal.RetryAction`1.PerformAction(TInput input)
   在 System.Data.Entity.Internal.LazyInternalContext.InitializeDatabaseAction(Action`1 action)
   在 System.Data.Entity.Internal.InternalContext.GetEntitySetAndBaseTypeForType(Type entityType)
   在 System.Data.Entity.Internal.Linq.InternalSet`1.Initialize()
   在 System.Data.Entity.Internal.Linq.InternalSet`1.GetAsyncEnumerator()
   在 System.Data.Entity.Infrastructure.IDbAsyncEnumerableExtensions.ForEachAsync[T](IDbAsyncEnumerable`1 source, Action`1 action, CancellationToken cancellationToken)
   在 System.Data.Entity.Infrastructure.IDbAsyncEnumerableExtensions.ToListAsync[T](IDbAsyncEnumerable`1 source, CancellationToken cancellationToken)
   在 System.Data.Entity.Infrastructure.IDbAsyncEnumerableExtensions.ToListAsync[T](IDbAsyncEnumerable`1 source)
   在 BM.DAL.BookBorrowAgent.<QueryByParameter>d__6.MoveNext() 位置 E:\Project\BMSite-AngularJs\BM\BM.DAL\BookBorrowAgent.cs:行号 67
--- 引发异常的上一位置中堆栈跟踪的末尾 ---
   在 System.Runtime.ExceptionServices.ExceptionDispatchInfo.Throw()
   在 System.Runtime.CompilerServices.TaskAwaiter.HandleNonSuccessAndDebuggerNotification(Task task)
   在 BM.DAL.BookBorrowAgent.<Query>d__4.MoveNext() 位置 E:\Project\BMSite-AngularJs\BM\BM.DAL\BookBorrowAgent.cs:行号 54
--- 引发异常的上一位置中堆栈跟踪的末尾 ---
   在 System.Runtime.ExceptionServices.ExceptionDispatchInfo.Throw()
   在 System.Runtime.CompilerServices.TaskAwaiter.HandleNonSuccessAndDebuggerNotification(Task task)
   在 BM.BLL.BookBorrowBLL.<Query>d__6.MoveNext() 位置 E:\Project\BMSite-AngularJs\BM\BM.BLL\BookBorrowBLL.cs:行号 84

Exception Time：2021-01-28 09:53:15,534 [18] 
Exception Level：ERROR 
Exception Detail: 
 
 System.InvalidOperationException: The model backing the 'BMDbContext' context has changed since the database was created. Consider using Code First Migrations to update the database (http://go.microsoft.com/fwlink/?LinkId=238269).
   在 System.Data.Entity.CreateDatabaseIfNotExists`1.InitializeDatabase(TContext context)
   在 System.Data.Entity.Internal.InternalContext.PerformInitializationAction(Action action)
   在 System.Data.Entity.Internal.InternalContext.PerformDatabaseInitialization()
   在 System.Data.Entity.Internal.RetryAction`1.PerformAction(TInput input)
   在 System.Data.Entity.Internal.LazyInternalContext.InitializeDatabaseAction(Action`1 action)
   在 System.Data.Entity.Internal.InternalContext.GetEntitySetAndBaseTypeForType(Type entityType)
   在 System.Data.Entity.Internal.Linq.InternalSet`1.Initialize()
   在 System.Data.Entity.Internal.Linq.InternalSet`1.get_InternalContext()
   在 System.Data.Entity.Infrastructure.DbQuery`1.System.Linq.IQueryable.get_Provider()
   在 System.Linq.Queryable.Where[TSource](IQueryable`1 source, Expression`1 predicate)
   在 BM.DAL.BookInfoAgent.<QueryByParameter>d__5.MoveNext() 位置 E:\Project\BMSite-AngularJs\BM\BM.DAL\BookInfoAgent.cs:行号 60
--- 引发异常的上一位置中堆栈跟踪的末尾 ---
   在 System.Runtime.ExceptionServices.ExceptionDispatchInfo.Throw()
   在 System.Runtime.CompilerServices.TaskAwaiter.HandleNonSuccessAndDebuggerNotification(Task task)
   在 BM.DAL.BookInfoAgent.<Query>d__3.MoveNext() 位置 E:\Project\BMSite-AngularJs\BM\BM.DAL\BookInfoAgent.cs:行号 46
--- 引发异常的上一位置中堆栈跟踪的末尾 ---
   在 System.Runtime.ExceptionServices.ExceptionDispatchInfo.Throw()
   在 System.Runtime.CompilerServices.TaskAwaiter.HandleNonSuccessAndDebuggerNotification(Task task)
   在 BM.BLL.BookInfoBLL.<Query>d__5.MoveNext() 位置 E:\Project\BMSite-AngularJs\BM\BM.BLL\BookInfoBLL.cs:行号 82

Exception Time：2021-01-28 09:53:15,582 [11] 
Exception Level：ERROR 
Exception Detail: 
 
 System.InvalidOperationException: The model backing the 'BMDbContext' context has changed since the database was created. Consider using Code First Migrations to update the database (http://go.microsoft.com/fwlink/?LinkId=238269).
   在 System.Data.Entity.CreateDatabaseIfNotExists`1.InitializeDatabase(TContext context)
   在 System.Data.Entity.Internal.InternalContext.PerformInitializationAction(Action action)
   在 System.Data.Entity.Internal.InternalContext.PerformDatabaseInitialization()
   在 System.Data.Entity.Internal.RetryAction`1.PerformAction(TInput input)
   在 System.Data.Entity.Internal.LazyInternalContext.InitializeDatabaseAction(Action`1 action)
   在 System.Data.Entity.Internal.InternalContext.GetEntitySetAndBaseTypeForType(Type entityType)
   在 System.Data.Entity.Internal.Linq.InternalSet`1.Initialize()
   在 System.Data.Entity.Internal.Linq.InternalSet`1.GetAsyncEnumerator()
   在 System.Data.Entity.Infrastructure.IDbAsyncEnumerableExtensions.ForEachAsync[T](IDbAsyncEnumerable`1 source, Action`1 action, CancellationToken cancellationToken)
   在 System.Data.Entity.Infrastructure.IDbAsyncEnumerableExtensions.ToListAsync[T](IDbAsyncEnumerable`1 source, CancellationToken cancellationToken)
   在 System.Data.Entity.Infrastructure.IDbAsyncEnumerableExtensions.ToListAsync[T](IDbAsyncEnumerable`1 source)
   在 BM.DAL.BookBorrowAgent.<QueryByParameter>d__6.MoveNext() 位置 E:\Project\BMSite-AngularJs\BM\BM.DAL\BookBorrowAgent.cs:行号 67
--- 引发异常的上一位置中堆栈跟踪的末尾 ---
   在 System.Runtime.ExceptionServices.ExceptionDispatchInfo.Throw()
   在 System.Runtime.CompilerServices.TaskAwaiter.HandleNonSuccessAndDebuggerNotification(Task task)
   在 BM.DAL.BookBorrowAgent.<Query>d__4.MoveNext() 位置 E:\Project\BMSite-AngularJs\BM\BM.DAL\BookBorrowAgent.cs:行号 54
--- 引发异常的上一位置中堆栈跟踪的末尾 ---
   在 System.Runtime.ExceptionServices.ExceptionDispatchInfo.Throw()
   在 System.Runtime.CompilerServices.TaskAwaiter.HandleNonSuccessAndDebuggerNotification(Task task)
   在 BM.BLL.BookBorrowBLL.<Query>d__6.MoveNext() 位置 E:\Project\BMSite-AngularJs\BM\BM.BLL\BookBorrowBLL.cs:行号 84

Exception Time：2021-01-28 09:53:15,605 [13] 
Exception Level：ERROR 
Exception Detail: 
 
 System.InvalidOperationException: The model backing the 'BMDbContext' context has changed since the database was created. Consider using Code First Migrations to update the database (http://go.microsoft.com/fwlink/?LinkId=238269).
   在 System.Data.Entity.CreateDatabaseIfNotExists`1.InitializeDatabase(TContext context)
   在 System.Data.Entity.Internal.InternalContext.PerformInitializationAction(Action action)
   在 System.Data.Entity.Internal.InternalContext.PerformDatabaseInitialization()
   在 System.Data.Entity.Internal.RetryAction`1.PerformAction(TInput input)
   在 System.Data.Entity.Internal.LazyInternalContext.InitializeDatabaseAction(Action`1 action)
   在 System.Data.Entity.Internal.InternalContext.GetEntitySetAndBaseTypeForType(Type entityType)
   在 System.Data.Entity.Internal.Linq.InternalSet`1.Initialize()
   在 System.Data.Entity.Internal.Linq.InternalSet`1.get_InternalContext()
   在 System.Data.Entity.Infrastructure.DbQuery`1.System.Linq.IQueryable.get_Provider()
   在 System.Linq.Queryable.Where[TSource](IQueryable`1 source, Expression`1 predicate)
   在 BM.DAL.BookInfoAgent.<QueryByParameter>d__5.MoveNext() 位置 E:\Project\BMSite-AngularJs\BM\BM.DAL\BookInfoAgent.cs:行号 60
--- 引发异常的上一位置中堆栈跟踪的末尾 ---
   在 System.Runtime.ExceptionServices.ExceptionDispatchInfo.Throw()
   在 System.Runtime.CompilerServices.TaskAwaiter.HandleNonSuccessAndDebuggerNotification(Task task)
   在 BM.DAL.BookInfoAgent.<Query>d__3.MoveNext() 位置 E:\Project\BMSite-AngularJs\BM\BM.DAL\BookInfoAgent.cs:行号 46
--- 引发异常的上一位置中堆栈跟踪的末尾 ---
   在 System.Runtime.ExceptionServices.ExceptionDispatchInfo.Throw()
   在 System.Runtime.CompilerServices.TaskAwaiter.HandleNonSuccessAndDebuggerNotification(Task task)
   在 BM.BLL.BookInfoBLL.<Query>d__5.MoveNext() 位置 E:\Project\BMSite-AngularJs\BM\BM.BLL\BookInfoBLL.cs:行号 82

Exception Time：2021-01-28 09:53:15,627 [12] 
Exception Level：ERROR 
Exception Detail: 
 
 System.InvalidOperationException: The model backing the 'BMDbContext' context has changed since the database was created. Consider using Code First Migrations to update the database (http://go.microsoft.com/fwlink/?LinkId=238269).
   在 System.Data.Entity.CreateDatabaseIfNotExists`1.InitializeDatabase(TContext context)
   在 System.Data.Entity.Internal.InternalContext.PerformInitializationAction(Action action)
   在 System.Data.Entity.Internal.InternalContext.PerformDatabaseInitialization()
   在 System.Data.Entity.Internal.RetryAction`1.PerformAction(TInput input)
   在 System.Data.Entity.Internal.LazyInternalContext.InitializeDatabaseAction(Action`1 action)
   在 System.Data.Entity.Internal.InternalContext.GetEntitySetAndBaseTypeForType(Type entityType)
   在 System.Data.Entity.Internal.Linq.InternalSet`1.Initialize()
   在 System.Data.Entity.Internal.Linq.InternalSet`1.GetAsyncEnumerator()
   在 System.Data.Entity.Infrastructure.IDbAsyncEnumerableExtensions.ForEachAsync[T](IDbAsyncEnumerable`1 source, Action`1 action, CancellationToken cancellationToken)
   在 System.Data.Entity.Infrastructure.IDbAsyncEnumerableExtensions.ToListAsync[T](IDbAsyncEnumerable`1 source, CancellationToken cancellationToken)
   在 System.Data.Entity.Infrastructure.IDbAsyncEnumerableExtensions.ToListAsync[T](IDbAsyncEnumerable`1 source)
   在 BM.DAL.BookBorrowAgent.<QueryByParameter>d__6.MoveNext() 位置 E:\Project\BMSite-AngularJs\BM\BM.DAL\BookBorrowAgent.cs:行号 67
--- 引发异常的上一位置中堆栈跟踪的末尾 ---
   在 System.Runtime.ExceptionServices.ExceptionDispatchInfo.Throw()
   在 System.Runtime.CompilerServices.TaskAwaiter.HandleNonSuccessAndDebuggerNotification(Task task)
   在 BM.DAL.BookBorrowAgent.<Query>d__4.MoveNext() 位置 E:\Project\BMSite-AngularJs\BM\BM.DAL\BookBorrowAgent.cs:行号 54
--- 引发异常的上一位置中堆栈跟踪的末尾 ---
   在 System.Runtime.ExceptionServices.ExceptionDispatchInfo.Throw()
   在 System.Runtime.CompilerServices.TaskAwaiter.HandleNonSuccessAndDebuggerNotification(Task task)
   在 BM.BLL.BookBorrowBLL.<Query>d__6.MoveNext() 位置 E:\Project\BMSite-AngularJs\BM\BM.BLL\BookBorrowBLL.cs:行号 84

Exception Time：2021-01-28 09:53:15,652 [15] 
Exception Level：ERROR 
Exception Detail: 
 
 System.InvalidOperationException: The model backing the 'BMDbContext' context has changed since the database was created. Consider using Code First Migrations to update the database (http://go.microsoft.com/fwlink/?LinkId=238269).
   在 System.Data.Entity.CreateDatabaseIfNotExists`1.InitializeDatabase(TContext context)
   在 System.Data.Entity.Internal.InternalContext.PerformInitializationAction(Action action)
   在 System.Data.Entity.Internal.InternalContext.PerformDatabaseInitialization()
   在 System.Data.Entity.Internal.RetryAction`1.PerformAction(TInput input)
   在 System.Data.Entity.Internal.LazyInternalContext.InitializeDatabaseAction(Action`1 action)
   在 System.Data.Entity.Internal.InternalContext.GetEntitySetAndBaseTypeForType(Type entityType)
   在 System.Data.Entity.Internal.Linq.InternalSet`1.Initialize()
   在 System.Data.Entity.Internal.Linq.InternalSet`1.get_InternalContext()
   在 System.Data.Entity.Infrastructure.DbQuery`1.System.Linq.IQueryable.get_Provider()
   在 System.Linq.Queryable.Where[TSource](IQueryable`1 source, Expression`1 predicate)
   在 BM.DAL.BookInfoAgent.<QueryByParameter>d__5.MoveNext() 位置 E:\Project\BMSite-AngularJs\BM\BM.DAL\BookInfoAgent.cs:行号 60
--- 引发异常的上一位置中堆栈跟踪的末尾 ---
   在 System.Runtime.ExceptionServices.ExceptionDispatchInfo.Throw()
   在 System.Runtime.CompilerServices.TaskAwaiter.HandleNonSuccessAndDebuggerNotification(Task task)
   在 BM.DAL.BookInfoAgent.<Query>d__3.MoveNext() 位置 E:\Project\BMSite-AngularJs\BM\BM.DAL\BookInfoAgent.cs:行号 46
--- 引发异常的上一位置中堆栈跟踪的末尾 ---
   在 System.Runtime.ExceptionServices.ExceptionDispatchInfo.Throw()
   在 System.Runtime.CompilerServices.TaskAwaiter.HandleNonSuccessAndDebuggerNotification(Task task)
   在 BM.BLL.BookInfoBLL.<Query>d__5.MoveNext() 位置 E:\Project\BMSite-AngularJs\BM\BM.BLL\BookInfoBLL.cs:行号 82

Exception Time：2021-01-28 09:53:16,015 [17] 
Exception Level：ERROR 
Exception Detail: 
 
 System.InvalidOperationException: The model backing the 'BMDbContext' context has changed since the database was created. Consider using Code First Migrations to update the database (http://go.microsoft.com/fwlink/?LinkId=238269).
   在 System.Data.Entity.CreateDatabaseIfNotExists`1.InitializeDatabase(TContext context)
   在 System.Data.Entity.Internal.InternalContext.PerformInitializationAction(Action action)
   在 System.Data.Entity.Internal.InternalContext.PerformDatabaseInitialization()
   在 System.Data.Entity.Internal.RetryAction`1.PerformAction(TInput input)
   在 System.Data.Entity.Internal.LazyInternalContext.InitializeDatabaseAction(Action`1 action)
   在 System.Data.Entity.Internal.InternalContext.GetEntitySetAndBaseTypeForType(Type entityType)
   在 System.Data.Entity.Internal.Linq.InternalSet`1.Initialize()
   在 System.Data.Entity.Internal.Linq.InternalSet`1.GetAsyncEnumerator()
   在 System.Data.Entity.Infrastructure.IDbAsyncEnumerableExtensions.ForEachAsync[T](IDbAsyncEnumerable`1 source, Action`1 action, CancellationToken cancellationToken)
   在 System.Data.Entity.Infrastructure.IDbAsyncEnumerableExtensions.ToListAsync[T](IDbAsyncEnumerable`1 source, CancellationToken cancellationToken)
   在 System.Data.Entity.Infrastructure.IDbAsyncEnumerableExtensions.ToListAsync[T](IDbAsyncEnumerable`1 source)
   在 BM.DAL.BookBorrowAgent.<QueryByParameter>d__6.MoveNext() 位置 E:\Project\BMSite-AngularJs\BM\BM.DAL\BookBorrowAgent.cs:行号 67
--- 引发异常的上一位置中堆栈跟踪的末尾 ---
   在 System.Runtime.ExceptionServices.ExceptionDispatchInfo.Throw()
   在 System.Runtime.CompilerServices.TaskAwaiter.HandleNonSuccessAndDebuggerNotification(Task task)
   在 BM.DAL.BookBorrowAgent.<Query>d__4.MoveNext() 位置 E:\Project\BMSite-AngularJs\BM\BM.DAL\BookBorrowAgent.cs:行号 54
--- 引发异常的上一位置中堆栈跟踪的末尾 ---
   在 System.Runtime.ExceptionServices.ExceptionDispatchInfo.Throw()
   在 System.Runtime.CompilerServices.TaskAwaiter.HandleNonSuccessAndDebuggerNotification(Task task)
   在 BM.BLL.BookBorrowBLL.<Query>d__6.MoveNext() 位置 E:\Project\BMSite-AngularJs\BM\BM.BLL\BookBorrowBLL.cs:行号 84

Exception Time：2021-01-28 09:53:17,639 [14] 
Exception Level：ERROR 
Exception Detail: 
 
 System.InvalidOperationException: The model backing the 'BMDbContext' context has changed since the database was created. Consider using Code First Migrations to update the database (http://go.microsoft.com/fwlink/?LinkId=238269).
   在 System.Data.Entity.CreateDatabaseIfNotExists`1.InitializeDatabase(TContext context)
   在 System.Data.Entity.Internal.InternalContext.PerformInitializationAction(Action action)
   在 System.Data.Entity.Internal.InternalContext.PerformDatabaseInitialization()
   在 System.Data.Entity.Internal.RetryAction`1.PerformAction(TInput input)
   在 System.Data.Entity.Internal.LazyInternalContext.InitializeDatabaseAction(Action`1 action)
   在 System.Data.Entity.Internal.InternalContext.GetEntitySetAndBaseTypeForType(Type entityType)
   在 System.Data.Entity.Internal.Linq.InternalSet`1.Initialize()
   在 System.Data.Entity.Internal.Linq.InternalSet`1.get_InternalContext()
   在 System.Data.Entity.Infrastructure.DbQuery`1.System.Linq.IQueryable.get_Provider()
   在 System.Linq.Queryable.Where[TSource](IQueryable`1 source, Expression`1 predicate)
   在 BM.DAL.BookInfoAgent.<QueryByParameter>d__5.MoveNext() 位置 E:\Project\BMSite-AngularJs\BM\BM.DAL\BookInfoAgent.cs:行号 60
--- 引发异常的上一位置中堆栈跟踪的末尾 ---
   在 System.Runtime.ExceptionServices.ExceptionDispatchInfo.Throw()
   在 System.Runtime.CompilerServices.TaskAwaiter.HandleNonSuccessAndDebuggerNotification(Task task)
   在 BM.DAL.BookInfoAgent.<Query>d__3.MoveNext() 位置 E:\Project\BMSite-AngularJs\BM\BM.DAL\BookInfoAgent.cs:行号 46
--- 引发异常的上一位置中堆栈跟踪的末尾 ---
   在 System.Runtime.ExceptionServices.ExceptionDispatchInfo.Throw()
   在 System.Runtime.CompilerServices.TaskAwaiter.HandleNonSuccessAndDebuggerNotification(Task task)
   在 BM.BLL.BookInfoBLL.<Query>d__5.MoveNext() 位置 E:\Project\BMSite-AngularJs\BM\BM.BLL\BookInfoBLL.cs:行号 82

Exception Time：2021-01-28 09:53:28,634 [12] 
Exception Level：ERROR 
Exception Detail: 
 
 System.InvalidOperationException: The model backing the 'BMDbContext' context has changed since the database was created. Consider using Code First Migrations to update the database (http://go.microsoft.com/fwlink/?LinkId=238269).
   在 System.Data.Entity.CreateDatabaseIfNotExists`1.InitializeDatabase(TContext context)
   在 System.Data.Entity.Internal.InternalContext.PerformInitializationAction(Action action)
   在 System.Data.Entity.Internal.InternalContext.PerformDatabaseInitialization()
   在 System.Data.Entity.Internal.RetryAction`1.PerformAction(TInput input)
   在 System.Data.Entity.Internal.LazyInternalContext.InitializeDatabaseAction(Action`1 action)
   在 System.Data.Entity.Internal.InternalContext.GetEntitySetAndBaseTypeForType(Type entityType)
   在 System.Data.Entity.Internal.Linq.InternalSet`1.Initialize()
   在 System.Data.Entity.Internal.Linq.InternalSet`1.get_InternalContext()
   在 System.Data.Entity.Infrastructure.DbQuery`1.System.Linq.IQueryable.get_Provider()
   在 System.Linq.Queryable.Where[TSource](IQueryable`1 source, Expression`1 predicate)
   在 BM.DAL.BookInfoAgent.<QueryByParameter>d__5.MoveNext() 位置 E:\Project\BMSite-AngularJs\BM\BM.DAL\BookInfoAgent.cs:行号 60
--- 引发异常的上一位置中堆栈跟踪的末尾 ---
   在 System.Runtime.ExceptionServices.ExceptionDispatchInfo.Throw()
   在 System.Runtime.CompilerServices.TaskAwaiter.HandleNonSuccessAndDebuggerNotification(Task task)
   在 BM.DAL.BookInfoAgent.<Query>d__3.MoveNext() 位置 E:\Project\BMSite-AngularJs\BM\BM.DAL\BookInfoAgent.cs:行号 46
--- 引发异常的上一位置中堆栈跟踪的末尾 ---
   在 System.Runtime.ExceptionServices.ExceptionDispatchInfo.Throw()
   在 System.Runtime.CompilerServices.TaskAwaiter.HandleNonSuccessAndDebuggerNotification(Task task)
   在 BM.BLL.BookInfoBLL.<Query>d__5.MoveNext() 位置 E:\Project\BMSite-AngularJs\BM\BM.BLL\BookInfoBLL.cs:行号 82

Exception Time：2021-01-28 10:03:59,755 [47] 
Exception Level：ERROR 
Exception Detail: 
 
 System.Data.Entity.Validation.DbEntityValidationException: Validation failed for one or more entities. See 'EntityValidationErrors' property for more details.
   在 System.Data.Entity.Internal.InternalContext.SaveChangesAsync(CancellationToken cancellationToken)
   在 System.Data.Entity.Internal.LazyInternalContext.SaveChangesAsync(CancellationToken cancellationToken)
   在 System.Data.Entity.DbContext.SaveChangesAsync(CancellationToken cancellationToken)
   在 System.Data.Entity.DbContext.SaveChangesAsync()
   在 BM.DAL.BookBorrowAgent.<AddOrUpdate>d__0.MoveNext() 位置 E:\Project\BMSite-AngularJs\BM\BM.DAL\BookBorrowAgent.cs:行号 19
--- 引发异常的上一位置中堆栈跟踪的末尾 ---
   在 System.Runtime.ExceptionServices.ExceptionDispatchInfo.Throw()
   在 System.Runtime.CompilerServices.TaskAwaiter.HandleNonSuccessAndDebuggerNotification(Task task)
   在 BM.BLL.BookBorrowBLL.<BorrowBook>d__7.MoveNext() 位置 E:\Project\BMSite-AngularJs\BM\BM.BLL\BookBorrowBLL.cs:行号 144

Exception Time：2021-01-28 10:04:28,200 [42] 
Exception Level：ERROR 
Exception Detail: 
 
 System.Data.Entity.Validation.DbEntityValidationException: Validation failed for one or more entities. See 'EntityValidationErrors' property for more details.
   在 System.Data.Entity.Internal.InternalContext.SaveChangesAsync(CancellationToken cancellationToken)
   在 System.Data.Entity.Internal.LazyInternalContext.SaveChangesAsync(CancellationToken cancellationToken)
   在 System.Data.Entity.DbContext.SaveChangesAsync(CancellationToken cancellationToken)
   在 System.Data.Entity.DbContext.SaveChangesAsync()
   在 BM.DAL.BookBorrowAgent.<AddOrUpdate>d__0.MoveNext() 位置 E:\Project\BMSite-AngularJs\BM\BM.DAL\BookBorrowAgent.cs:行号 19
--- 引发异常的上一位置中堆栈跟踪的末尾 ---
   在 System.Runtime.ExceptionServices.ExceptionDispatchInfo.Throw()
   在 System.Runtime.CompilerServices.TaskAwaiter.HandleNonSuccessAndDebuggerNotification(Task task)
   在 BM.BLL.BookBorrowBLL.<BorrowBook>d__7.MoveNext() 位置 E:\Project\BMSite-AngularJs\BM\BM.BLL\BookBorrowBLL.cs:行号 144

Exception Time：2021-01-28 10:04:29,330 [31] 
Exception Level：ERROR 
Exception Detail: 
 
 System.Data.Entity.Validation.DbEntityValidationException: Validation failed for one or more entities. See 'EntityValidationErrors' property for more details.
   在 System.Data.Entity.Internal.InternalContext.SaveChangesAsync(CancellationToken cancellationToken)
   在 System.Data.Entity.Internal.LazyInternalContext.SaveChangesAsync(CancellationToken cancellationToken)
   在 System.Data.Entity.DbContext.SaveChangesAsync(CancellationToken cancellationToken)
   在 System.Data.Entity.DbContext.SaveChangesAsync()
   在 BM.DAL.BookBorrowAgent.<AddOrUpdate>d__0.MoveNext() 位置 E:\Project\BMSite-AngularJs\BM\BM.DAL\BookBorrowAgent.cs:行号 19
--- 引发异常的上一位置中堆栈跟踪的末尾 ---
   在 System.Runtime.ExceptionServices.ExceptionDispatchInfo.Throw()
   在 System.Runtime.CompilerServices.TaskAwaiter.HandleNonSuccessAndDebuggerNotification(Task task)
   在 BM.BLL.BookBorrowBLL.<BorrowBook>d__7.MoveNext() 位置 E:\Project\BMSite-AngularJs\BM\BM.BLL\BookBorrowBLL.cs:行号 144

Exception Time：2021-01-28 10:04:31,017 [46] 
Exception Level：ERROR 
Exception Detail: 
 
 System.Data.Entity.Validation.DbEntityValidationException: Validation failed for one or more entities. See 'EntityValidationErrors' property for more details.
   在 System.Data.Entity.Internal.InternalContext.SaveChangesAsync(CancellationToken cancellationToken)
   在 System.Data.Entity.Internal.LazyInternalContext.SaveChangesAsync(CancellationToken cancellationToken)
   在 System.Data.Entity.DbContext.SaveChangesAsync(CancellationToken cancellationToken)
   在 System.Data.Entity.DbContext.SaveChangesAsync()
   在 BM.DAL.BookBorrowAgent.<AddOrUpdate>d__0.MoveNext() 位置 E:\Project\BMSite-AngularJs\BM\BM.DAL\BookBorrowAgent.cs:行号 19
--- 引发异常的上一位置中堆栈跟踪的末尾 ---
   在 System.Runtime.ExceptionServices.ExceptionDispatchInfo.Throw()
   在 System.Runtime.CompilerServices.TaskAwaiter.HandleNonSuccessAndDebuggerNotification(Task task)
   在 BM.BLL.BookBorrowBLL.<BorrowBook>d__7.MoveNext() 位置 E:\Project\BMSite-AngularJs\BM\BM.BLL\BookBorrowBLL.cs:行号 144
