
Exception Time：2021-01-27 15:56:11,058 [16] 
Exception Level：ERROR 
Exception Detail: 
 
 System.InvalidOperationException: The model backing the 'BMDbContext' context has changed since the database was created. Consider using Code First Migrations to update the database (http://go.microsoft.com/fwlink/?LinkId=238269).
   在 System.Data.Entity.CreateDatabaseIfNotExists`1.InitializeDatabase(TContext context)
   在 System.Data.Entity.Internal.InternalContext.PerformInitializationAction(Action action)
   在 System.Data.Entity.Internal.InternalContext.PerformDatabaseInitialization()
   在 System.Data.Entity.Internal.RetryAction`1.PerformAction(TInput input)
   在 System.Data.Entity.Internal.LazyInternalContext.InitializeDatabaseAction(Action`1 action)
   在 System.Data.Entity.Internal.InternalContext.GetEntitySetAndBaseTypeForType(Type entityType)
   在 System.Data.Entity.Internal.Linq.InternalSet`1.Initialize()
   在 System.Data.Entity.Internal.Linq.InternalSet`1.get_InternalContext()
   在 System.Data.Entity.Infrastructure.DbQuery`1.System.Linq.IQueryable.get_Provider()
   在 System.Linq.Queryable.Where[TSource](IQueryable`1 source, Expression`1 predicate)
   在 BM.DAL.BookInfoAgent.<QueryByParameter>d__5.MoveNext() 位置 E:\Project\BMSite-AngularJs\BM\BM.DAL\BookInfoAgent.cs:行号 60
--- 引发异常的上一位置中堆栈跟踪的末尾 ---
   在 System.Runtime.ExceptionServices.ExceptionDispatchInfo.Throw()
   在 System.Runtime.CompilerServices.TaskAwaiter.HandleNonSuccessAndDebuggerNotification(Task task)
   在 BM.DAL.BookInfoAgent.<Query>d__3.MoveNext() 位置 E:\Project\BMSite-AngularJs\BM\BM.DAL\BookInfoAgent.cs:行号 46
--- 引发异常的上一位置中堆栈跟踪的末尾 ---
   在 System.Runtime.ExceptionServices.ExceptionDispatchInfo.Throw()
   在 System.Runtime.CompilerServices.TaskAwaiter.HandleNonSuccessAndDebuggerNotification(Task task)
   在 BM.BLL.BookInfoBLL.<Query>d__5.MoveNext() 位置 E:\Project\BMSite-AngularJs\BM\BM.BLL\BookInfoBLL.cs:行号 82

Exception Time：2021-01-27 15:56:11,058 [11] 
Exception Level：ERROR 
Exception Detail: 
 
 System.InvalidOperationException: The model backing the 'BMDbContext' context has changed since the database was created. Consider using Code First Migrations to update the database (http://go.microsoft.com/fwlink/?LinkId=238269).
   在 System.Data.Entity.CreateDatabaseIfNotExists`1.InitializeDatabase(TContext context)
   在 System.Data.Entity.Internal.InternalContext.PerformInitializationAction(Action action)
   在 System.Data.Entity.Internal.InternalContext.PerformDatabaseInitialization()
   在 System.Data.Entity.Internal.RetryAction`1.PerformAction(TInput input)
   在 System.Data.Entity.Internal.LazyInternalContext.InitializeDatabaseAction(Action`1 action)
   在 System.Data.Entity.Internal.InternalContext.GetEntitySetAndBaseTypeForType(Type entityType)
   在 System.Data.Entity.Internal.Linq.InternalSet`1.Initialize()
   在 System.Data.Entity.Internal.Linq.InternalSet`1.get_InternalContext()
   在 System.Data.Entity.Infrastructure.DbQuery`1.System.Linq.IQueryable.get_Provider()
   在 System.Linq.Queryable.Where[TSource](IQueryable`1 source, Expression`1 predicate)
   在 BM.DAL.BookInfoAgent.<QueryByParameter>d__5.MoveNext() 位置 E:\Project\BMSite-AngularJs\BM\BM.DAL\BookInfoAgent.cs:行号 60
--- 引发异常的上一位置中堆栈跟踪的末尾 ---
   在 System.Runtime.ExceptionServices.ExceptionDispatchInfo.Throw()
   在 System.Runtime.CompilerServices.TaskAwaiter.HandleNonSuccessAndDebuggerNotification(Task task)
   在 BM.DAL.BookInfoAgent.<Query>d__3.MoveNext() 位置 E:\Project\BMSite-AngularJs\BM\BM.DAL\BookInfoAgent.cs:行号 46
--- 引发异常的上一位置中堆栈跟踪的末尾 ---
   在 System.Runtime.ExceptionServices.ExceptionDispatchInfo.Throw()
   在 System.Runtime.CompilerServices.TaskAwaiter.HandleNonSuccessAndDebuggerNotification(Task task)
   在 BM.BLL.BookInfoBLL.<Query>d__5.MoveNext() 位置 E:\Project\BMSite-AngularJs\BM\BM.BLL\BookInfoBLL.cs:行号 82

Exception Time：2021-01-27 15:56:11,071 [6] 
Exception Level：ERROR 
Exception Detail: 
 
 System.InvalidOperationException: The model backing the 'BMDbContext' context has changed since the database was created. Consider using Code First Migrations to update the database (http://go.microsoft.com/fwlink/?LinkId=238269).
   在 System.Data.Entity.CreateDatabaseIfNotExists`1.InitializeDatabase(TContext context)
   在 System.Data.Entity.Internal.InternalContext.PerformInitializationAction(Action action)
   在 System.Data.Entity.Internal.InternalContext.PerformDatabaseInitialization()
   在 System.Data.Entity.Internal.RetryAction`1.PerformAction(TInput input)
   在 System.Data.Entity.Internal.LazyInternalContext.InitializeDatabaseAction(Action`1 action)
   在 System.Data.Entity.Internal.InternalContext.GetEntitySetAndBaseTypeForType(Type entityType)
   在 System.Data.Entity.Internal.Linq.InternalSet`1.Initialize()
   在 System.Data.Entity.Internal.Linq.InternalSet`1.get_InternalContext()
   在 System.Data.Entity.Infrastructure.DbQuery`1.System.Linq.IQueryable.get_Provider()
   在 System.Linq.Queryable.Where[TSource](IQueryable`1 source, Expression`1 predicate)
   在 BM.DAL.BookInfoAgent.<QueryByParameter>d__5.MoveNext() 位置 E:\Project\BMSite-AngularJs\BM\BM.DAL\BookInfoAgent.cs:行号 60
--- 引发异常的上一位置中堆栈跟踪的末尾 ---
   在 System.Runtime.ExceptionServices.ExceptionDispatchInfo.Throw()
   在 System.Runtime.CompilerServices.TaskAwaiter.HandleNonSuccessAndDebuggerNotification(Task task)
   在 BM.DAL.BookInfoAgent.<Query>d__3.MoveNext() 位置 E:\Project\BMSite-AngularJs\BM\BM.DAL\BookInfoAgent.cs:行号 46
--- 引发异常的上一位置中堆栈跟踪的末尾 ---
   在 System.Runtime.ExceptionServices.ExceptionDispatchInfo.Throw()
   在 System.Runtime.CompilerServices.TaskAwaiter.HandleNonSuccessAndDebuggerNotification(Task task)
   在 BM.BLL.BookInfoBLL.<Query>d__5.MoveNext() 位置 E:\Project\BMSite-AngularJs\BM\BM.BLL\BookInfoBLL.cs:行号 82

Exception Time：2021-01-27 15:56:11,093 [7] 
Exception Level：ERROR 
Exception Detail: 
 
 System.InvalidOperationException: The model backing the 'BMDbContext' context has changed since the database was created. Consider using Code First Migrations to update the database (http://go.microsoft.com/fwlink/?LinkId=238269).
   在 System.Data.Entity.CreateDatabaseIfNotExists`1.InitializeDatabase(TContext context)
   在 System.Data.Entity.Internal.InternalContext.PerformInitializationAction(Action action)
   在 System.Data.Entity.Internal.InternalContext.PerformDatabaseInitialization()
   在 System.Data.Entity.Internal.RetryAction`1.PerformAction(TInput input)
   在 System.Data.Entity.Internal.LazyInternalContext.InitializeDatabaseAction(Action`1 action)
   在 System.Data.Entity.Internal.InternalContext.GetEntitySetAndBaseTypeForType(Type entityType)
   在 System.Data.Entity.Internal.Linq.InternalSet`1.Initialize()
   在 System.Data.Entity.Internal.Linq.InternalSet`1.get_InternalContext()
   在 System.Data.Entity.Infrastructure.DbQuery`1.System.Linq.IQueryable.get_Provider()
   在 System.Linq.Queryable.Where[TSource](IQueryable`1 source, Expression`1 predicate)
   在 BM.DAL.BookInfoAgent.<QueryByParameter>d__5.MoveNext() 位置 E:\Project\BMSite-AngularJs\BM\BM.DAL\BookInfoAgent.cs:行号 60
--- 引发异常的上一位置中堆栈跟踪的末尾 ---
   在 System.Runtime.ExceptionServices.ExceptionDispatchInfo.Throw()
   在 System.Runtime.CompilerServices.TaskAwaiter.HandleNonSuccessAndDebuggerNotification(Task task)
   在 BM.DAL.BookInfoAgent.<Query>d__3.MoveNext() 位置 E:\Project\BMSite-AngularJs\BM\BM.DAL\BookInfoAgent.cs:行号 46
--- 引发异常的上一位置中堆栈跟踪的末尾 ---
   在 System.Runtime.ExceptionServices.ExceptionDispatchInfo.Throw()
   在 System.Runtime.CompilerServices.TaskAwaiter.HandleNonSuccessAndDebuggerNotification(Task task)
   在 BM.BLL.BookInfoBLL.<Query>d__5.MoveNext() 位置 E:\Project\BMSite-AngularJs\BM\BM.BLL\BookInfoBLL.cs:行号 82

Exception Time：2021-01-27 15:56:11,149 [5] 
Exception Level：ERROR 
Exception Detail: 
 
 System.InvalidOperationException: The model backing the 'BMDbContext' context has changed since the database was created. Consider using Code First Migrations to update the database (http://go.microsoft.com/fwlink/?LinkId=238269).
   在 System.Data.Entity.CreateDatabaseIfNotExists`1.InitializeDatabase(TContext context)
   在 System.Data.Entity.Internal.InternalContext.PerformInitializationAction(Action action)
   在 System.Data.Entity.Internal.InternalContext.PerformDatabaseInitialization()
   在 System.Data.Entity.Internal.RetryAction`1.PerformAction(TInput input)
   在 System.Data.Entity.Internal.LazyInternalContext.InitializeDatabaseAction(Action`1 action)
   在 System.Data.Entity.Internal.InternalContext.GetEntitySetAndBaseTypeForType(Type entityType)
   在 System.Data.Entity.Internal.Linq.InternalSet`1.Initialize()
   在 System.Data.Entity.Internal.Linq.InternalSet`1.get_InternalContext()
   在 System.Data.Entity.Infrastructure.DbQuery`1.System.Linq.IQueryable.get_Provider()
   在 System.Linq.Queryable.Where[TSource](IQueryable`1 source, Expression`1 predicate)
   在 BM.DAL.BookInfoAgent.<QueryByParameter>d__5.MoveNext() 位置 E:\Project\BMSite-AngularJs\BM\BM.DAL\BookInfoAgent.cs:行号 60
--- 引发异常的上一位置中堆栈跟踪的末尾 ---
   在 System.Runtime.ExceptionServices.ExceptionDispatchInfo.Throw()
   在 System.Runtime.CompilerServices.TaskAwaiter.HandleNonSuccessAndDebuggerNotification(Task task)
   在 BM.DAL.BookInfoAgent.<Query>d__3.MoveNext() 位置 E:\Project\BMSite-AngularJs\BM\BM.DAL\BookInfoAgent.cs:行号 46
--- 引发异常的上一位置中堆栈跟踪的末尾 ---
   在 System.Runtime.ExceptionServices.ExceptionDispatchInfo.Throw()
   在 System.Runtime.CompilerServices.TaskAwaiter.HandleNonSuccessAndDebuggerNotification(Task task)
   在 BM.BLL.BookInfoBLL.<Query>d__5.MoveNext() 位置 E:\Project\BMSite-AngularJs\BM\BM.BLL\BookInfoBLL.cs:行号 82

Exception Time：2021-01-27 15:56:24,848 [6] 
Exception Level：ERROR 
Exception Detail: 
 
 System.InvalidOperationException: The model backing the 'BMDbContext' context has changed since the database was created. Consider using Code First Migrations to update the database (http://go.microsoft.com/fwlink/?LinkId=238269).
   在 System.Data.Entity.CreateDatabaseIfNotExists`1.InitializeDatabase(TContext context)
   在 System.Data.Entity.Internal.InternalContext.PerformInitializationAction(Action action)
   在 System.Data.Entity.Internal.InternalContext.PerformDatabaseInitialization()
   在 System.Data.Entity.Internal.RetryAction`1.PerformAction(TInput input)
   在 System.Data.Entity.Internal.LazyInternalContext.InitializeDatabaseAction(Action`1 action)
   在 System.Data.Entity.Internal.InternalContext.GetEntitySetAndBaseTypeForType(Type entityType)
   在 System.Data.Entity.Internal.Linq.InternalSet`1.Initialize()
   在 System.Data.Entity.Internal.Linq.InternalSet`1.get_InternalContext()
   在 System.Data.Entity.Infrastructure.DbQuery`1.System.Linq.IQueryable.get_Provider()
   在 System.Linq.Queryable.Where[TSource](IQueryable`1 source, Expression`1 predicate)
   在 BM.DAL.BookInfoAgent.<QueryByParameter>d__5.MoveNext() 位置 E:\Project\BMSite-AngularJs\BM\BM.DAL\BookInfoAgent.cs:行号 60
--- 引发异常的上一位置中堆栈跟踪的末尾 ---
   在 System.Runtime.ExceptionServices.ExceptionDispatchInfo.Throw()
   在 System.Runtime.CompilerServices.TaskAwaiter.HandleNonSuccessAndDebuggerNotification(Task task)
   在 BM.DAL.BookInfoAgent.<Query>d__3.MoveNext() 位置 E:\Project\BMSite-AngularJs\BM\BM.DAL\BookInfoAgent.cs:行号 46
--- 引发异常的上一位置中堆栈跟踪的末尾 ---
   在 System.Runtime.ExceptionServices.ExceptionDispatchInfo.Throw()
   在 System.Runtime.CompilerServices.TaskAwaiter.HandleNonSuccessAndDebuggerNotification(Task task)
   在 BM.BLL.BookInfoBLL.<Query>d__5.MoveNext() 位置 E:\Project\BMSite-AngularJs\BM\BM.BLL\BookInfoBLL.cs:行号 82

Exception Time：2021-01-27 15:56:44,370 [22] 
Exception Level：ERROR 
Exception Detail: 
 
 System.InvalidOperationException: The model backing the 'BMDbContext' context has changed since the database was created. Consider using Code First Migrations to update the database (http://go.microsoft.com/fwlink/?LinkId=238269).
   在 System.Data.Entity.CreateDatabaseIfNotExists`1.InitializeDatabase(TContext context)
   在 System.Data.Entity.Internal.InternalContext.PerformInitializationAction(Action action)
   在 System.Data.Entity.Internal.InternalContext.PerformDatabaseInitialization()
   在 System.Data.Entity.Internal.RetryAction`1.PerformAction(TInput input)
   在 System.Data.Entity.Internal.LazyInternalContext.InitializeDatabaseAction(Action`1 action)
   在 System.Data.Entity.Internal.InternalContext.GetEntitySetAndBaseTypeForType(Type entityType)
   在 System.Data.Entity.Internal.Linq.InternalSet`1.Initialize()
   在 System.Data.Entity.Internal.Linq.InternalSet`1.get_InternalContext()
   在 System.Data.Entity.Infrastructure.DbQuery`1.System.Linq.IQueryable.get_Provider()
   在 System.Linq.Queryable.Where[TSource](IQueryable`1 source, Expression`1 predicate)
   在 BM.DAL.BookInfoAgent.<QueryByParameter>d__5.MoveNext() 位置 E:\Project\BMSite-AngularJs\BM\BM.DAL\BookInfoAgent.cs:行号 60
--- 引发异常的上一位置中堆栈跟踪的末尾 ---
   在 System.Runtime.ExceptionServices.ExceptionDispatchInfo.Throw()
   在 System.Runtime.CompilerServices.TaskAwaiter.HandleNonSuccessAndDebuggerNotification(Task task)
   在 BM.DAL.BookInfoAgent.<Query>d__3.MoveNext() 位置 E:\Project\BMSite-AngularJs\BM\BM.DAL\BookInfoAgent.cs:行号 46
--- 引发异常的上一位置中堆栈跟踪的末尾 ---
   在 System.Runtime.ExceptionServices.ExceptionDispatchInfo.Throw()
   在 System.Runtime.CompilerServices.TaskAwaiter.HandleNonSuccessAndDebuggerNotification(Task task)
   在 BM.BLL.BookInfoBLL.<Query>d__5.MoveNext() 位置 E:\Project\BMSite-AngularJs\BM\BM.BLL\BookInfoBLL.cs:行号 82

Exception Time：2021-01-27 18:15:47,698 [52] 
Exception Level：ERROR 
Exception Detail: 
 
 System.Data.Entity.Validation.DbEntityValidationException: Validation failed for one or more entities. See 'EntityValidationErrors' property for more details.
   在 System.Data.Entity.Internal.InternalContext.SaveChangesAsync(CancellationToken cancellationToken)
   在 System.Data.Entity.Internal.LazyInternalContext.SaveChangesAsync(CancellationToken cancellationToken)
   在 System.Data.Entity.DbContext.SaveChangesAsync(CancellationToken cancellationToken)
   在 System.Data.Entity.DbContext.SaveChangesAsync()
   在 BM.DAL.BookBorrowAgent.<AddOrUpdate>d__0.MoveNext() 位置 E:\Project\BMSite-AngularJs\BM\BM.DAL\BookBorrowAgent.cs:行号 19
--- 引发异常的上一位置中堆栈跟踪的末尾 ---
   在 System.Runtime.ExceptionServices.ExceptionDispatchInfo.Throw()
   在 System.Runtime.CompilerServices.TaskAwaiter.HandleNonSuccessAndDebuggerNotification(Task task)
   在 BM.BLL.BookBorrowBLL.<BorrowBook>d__7.MoveNext() 位置 E:\Project\BMSite-AngularJs\BM\BM.BLL\BookBorrowBLL.cs:行号 144

Exception Time：2021-01-27 20:09:05,698 [5] 
Exception Level：ERROR 
Exception Detail: 
 
 System.Data.Entity.Validation.DbEntityValidationException: Validation failed for one or more entities. See 'EntityValidationErrors' property for more details.
   在 System.Data.Entity.Internal.InternalContext.SaveChangesAsync(CancellationToken cancellationToken)
   在 System.Data.Entity.Internal.LazyInternalContext.SaveChangesAsync(CancellationToken cancellationToken)
   在 System.Data.Entity.DbContext.SaveChangesAsync(CancellationToken cancellationToken)
   在 System.Data.Entity.DbContext.SaveChangesAsync()
   在 BM.DAL.BookBorrowAgent.<AddOrUpdate>d__0.MoveNext() 位置 E:\Project\BMSite-AngularJs\BM\BM.DAL\BookBorrowAgent.cs:行号 19
--- 引发异常的上一位置中堆栈跟踪的末尾 ---
   在 System.Runtime.ExceptionServices.ExceptionDispatchInfo.Throw()
   在 System.Runtime.CompilerServices.TaskAwaiter.HandleNonSuccessAndDebuggerNotification(Task task)
   在 BM.BLL.BookBorrowBLL.<BorrowBook>d__7.MoveNext() 位置 E:\Project\BMSite-AngularJs\BM\BM.BLL\BookBorrowBLL.cs:行号 144
